14:38:14 : Iteration 0 : Loop started (max_iterations=30)
14:38:47 : Iteration 1 : Started
14:40:05 : Iteration 1 : Started
14:40:05 : Iteration 1 : Files changed: trm.py
14:40:31 : Iteration 2 : Started
14:41:07 : Iteration 2 : Started
14:41:07 : Iteration 2 : Files changed: trm.py
14:41:27 : Iteration 3 : Started
14:42:25 : Iteration 3 : Started
14:42:25 : Iteration 3 : Files changed: trm.py
14:42:48 : Iteration 4 : Started
14:43:32 : Iteration 4 : Started
14:43:32 : Iteration 4 : Files changed: train.py
14:44:10 : Iteration 4 : Started
14:44:10 : Iteration 4 : Files changed: sudoku.py
14:44:36 : Iteration 5 : Started
14:45:21 : Iteration 5 : Started
14:45:21 : Iteration 5 : Files changed: train.py
14:45:48 : Iteration 6 : Started
14:47:48 : Iteration 6 : Started
14:47:48 : Iteration 6 : Files changed: test_sudoku_model.py, test_trm_carry.py
14:48:35 : Iteration 7 : Started
14:50:02 : Iteration 7 : Started
14:50:02 : Iteration 7 : Files changed: test_trm_carry.py
14:50:48 : Iteration 7 : Started
14:50:48 : Iteration 7 : Files changed: test_trm_carry.py
14:51:08 : Iteration 8 : Started
14:51:56 : Iteration 9 : Started
14:52:30 : Iteration 10 : Started
14:52:56 : Iteration 11 : Started
14:53:29 : Iteration 11 : Loop completed
